[0.144s] DEBUG:colcon:Command line arguments: ['/usr/bin/colcon', 'build', '--packages-select', 'kitti_converter']
[0.145s] DEBUG:colcon:Parsed command line arguments: Namespace(allow_overriding=[], ament_cmake_args=None, base_paths=['.'], build_base='build', catkin_cmake_args=None, catkin_skip_building_tests=False, cmake_args=None, cmake_clean_cache=False, cmake_clean_first=False, cmake_force_configure=False, cmake_target=None, cmake_target_skip_unavailable=False, continue_on_error=False, event_handlers=None, executor='parallel', ignore_user_meta=False, install_base='install', log_base=None, log_level=None, main=<bound method BuildVerb.main of <colcon_core.verb.build.BuildVerb object at 0x7f6bc613d6d0>>, merge_install=False, metas=['./colcon.meta'], packages_above=None, packages_above_and_dependencies=None, packages_above_depth=None, packages_end=None, packages_ignore=None, packages_ignore_regex=None, packages_select=['kitti_converter'], packages_select_build_failed=False, packages_select_by_dep=None, packages_select_regex=None, packages_select_test_failures=False, packages_skip=None, packages_skip_build_finished=False, packages_skip_by_dep=None, packages_skip_regex=None, packages_skip_test_passed=False, packages_skip_up_to=None, packages_start=None, packages_up_to=None, packages_up_to_regex=None, parallel_workers=16, paths=None, symlink_install=False, test_result_base=None, verb_extension=<colcon_core.verb.build.BuildVerb object at 0x7f6bc613d6d0>, verb_name='build', verb_parser=<colcon_defaults.argument_parser.defaults.DefaultArgumentsDecorator object at 0x7f6bc60c3a60>)
[0.264s] Level 1:colcon.colcon_core.package_discovery:discover_packages(colcon_meta) check parameters
[0.264s] Level 1:colcon.colcon_core.package_discovery:discover_packages(recursive) check parameters
[0.264s] Level 1:colcon.colcon_core.package_discovery:discover_packages(ignore) check parameters
[0.264s] Level 1:colcon.colcon_core.package_discovery:discover_packages(path) check parameters
[0.264s] Level 1:colcon.colcon_core.package_discovery:discover_packages(colcon_meta) discover
[0.264s] Level 1:colcon.colcon_core.package_discovery:discover_packages(recursive) discover
[0.264s] INFO:colcon.colcon_core.package_discovery:Crawling recursively for packages in '/home/lab114/Documents/kitti_ws'
[0.264s] Level 1:colcon.colcon_core.package_identification:_identify(.) by extensions ['ignore', 'ignore_ament_install']
[0.265s] Level 1:colcon.colcon_core.package_identification:_identify(.) by extension 'ignore'
[0.265s] Level 1:colcon.colcon_core.package_identification:_identify(.) by extension 'ignore_ament_install'
[0.265s] Level 1:colcon.colcon_core.package_identification:_identify(.) by extensions ['colcon_pkg']
[0.265s] Level 1:colcon.colcon_core.package_identification:_identify(.) by extension 'colcon_pkg'
[0.265s] Level 1:colcon.colcon_core.package_identification:_identify(.) by extensions ['colcon_meta']
[0.265s] Level 1:colcon.colcon_core.package_identification:_identify(.) by extension 'colcon_meta'
[0.265s] Level 1:colcon.colcon_core.package_identification:_identify(.) by extensions ['ros']
[0.265s] Level 1:colcon.colcon_core.package_identification:_identify(.) by extension 'ros'
[0.273s] Level 1:colcon.colcon_core.package_identification:_identify(.) by extensions ['cmake', 'python']
[0.273s] Level 1:colcon.colcon_core.package_identification:_identify(.) by extension 'cmake'
[0.273s] Level 1:colcon.colcon_core.package_identification:_identify(.) by extension 'python'
[0.273s] Level 1:colcon.colcon_core.package_identification:_identify(.) by extensions ['python_setup_py']
[0.273s] Level 1:colcon.colcon_core.package_identification:_identify(.) by extension 'python_setup_py'
[0.273s] Level 1:colcon.colcon_core.package_identification:_identify(build) by extensions ['ignore', 'ignore_ament_install']
[0.273s] Level 1:colcon.colcon_core.package_identification:_identify(build) by extension 'ignore'
[0.273s] Level 1:colcon.colcon_core.package_identification:_identify(build) ignored
[0.273s] Level 1:colcon.colcon_core.package_identification:_identify(install) by extensions ['ignore', 'ignore_ament_install']
[0.273s] Level 1:colcon.colcon_core.package_identification:_identify(install) by extension 'ignore'
[0.273s] Level 1:colcon.colcon_core.package_identification:_identify(install) ignored
[0.273s] Level 1:colcon.colcon_core.package_identification:_identify(kitti_converter) by extensions ['ignore', 'ignore_ament_install']
[0.273s] Level 1:colcon.colcon_core.package_identification:_identify(kitti_converter) by extension 'ignore'
[0.273s] Level 1:colcon.colcon_core.package_identification:_identify(kitti_converter) by extension 'ignore_ament_install'
[0.273s] Level 1:colcon.colcon_core.package_identification:_identify(kitti_converter) by extensions ['colcon_pkg']
[0.273s] Level 1:colcon.colcon_core.package_identification:_identify(kitti_converter) by extension 'colcon_pkg'
[0.273s] Level 1:colcon.colcon_core.package_identification:_identify(kitti_converter) by extensions ['colcon_meta']
[0.273s] Level 1:colcon.colcon_core.package_identification:_identify(kitti_converter) by extension 'colcon_meta'
[0.274s] Level 1:colcon.colcon_core.package_identification:_identify(kitti_converter) by extensions ['ros']
[0.274s] Level 1:colcon.colcon_core.package_identification:_identify(kitti_converter) by extension 'ros'
[0.275s] DEBUG:colcon.colcon_core.package_identification:Package 'kitti_converter' with type 'ros.ament_python' and name 'kitti_converter'
[0.275s] Level 1:colcon.colcon_core.package_identification:_identify(log) by extensions ['ignore', 'ignore_ament_install']
[0.275s] Level 1:colcon.colcon_core.package_identification:_identify(log) by extension 'ignore'
[0.276s] Level 1:colcon.colcon_core.package_identification:_identify(log) ignored
[0.276s] Level 1:colcon.colcon_core.package_identification:_identify(src) by extensions ['ignore', 'ignore_ament_install']
[0.276s] Level 1:colcon.colcon_core.package_identification:_identify(src) by extension 'ignore'
[0.276s] Level 1:colcon.colcon_core.package_identification:_identify(src) by extension 'ignore_ament_install'
[0.276s] Level 1:colcon.colcon_core.package_identification:_identify(src) by extensions ['colcon_pkg']
[0.276s] Level 1:colcon.colcon_core.package_identification:_identify(src) by extension 'colcon_pkg'
[0.276s] Level 1:colcon.colcon_core.package_identification:_identify(src) by extensions ['colcon_meta']
[0.276s] Level 1:colcon.colcon_core.package_identification:_identify(src) by extension 'colcon_meta'
[0.276s] Level 1:colcon.colcon_core.package_identification:_identify(src) by extensions ['ros']
[0.276s] Level 1:colcon.colcon_core.package_identification:_identify(src) by extension 'ros'
[0.276s] Level 1:colcon.colcon_core.package_identification:_identify(src) by extensions ['cmake', 'python']
[0.276s] Level 1:colcon.colcon_core.package_identification:_identify(src) by extension 'cmake'
[0.276s] Level 1:colcon.colcon_core.package_identification:_identify(src) by extension 'python'
[0.276s] Level 1:colcon.colcon_core.package_identification:_identify(src) by extensions ['python_setup_py']
[0.276s] Level 1:colcon.colcon_core.package_identification:_identify(src) by extension 'python_setup_py'
[0.495s] ERROR:colcon.colcon_core.package_identification:Exception in package identification extension 'python_setup_py' in 'src': Command '['/usr/bin/python3', '-c', 'import sys;from contextlib import suppress;exec("with suppress(ImportError):    from setuptools.extern.packaging.specifiers    import SpecifierSet");exec("with suppress(ImportError):    from packaging.specifiers import SpecifierSet");from distutils.core import run_setup;dist = run_setup(    \'setup.py\', script_args=(\'--dry-run\',), stop_after=\'config\');skip_keys = (\'cmdclass\', \'distclass\', \'ext_modules\', \'metadata\');data = {    key: value for key, value in dist.__dict__.items()     if (        not key.startswith(\'_\') and         not callable(value) and         key not in skip_keys and         key not in dist.display_option_names    )};data[\'metadata\'] = {    k: v for k, v in dist.metadata.__dict__.items()     if k not in (\'license_files\', \'provides_extras\')};sys.stdout.buffer.write(repr(data).encode(\'utf-8\'))']' returned non-zero exit status 1.
Traceback (most recent call last):
  File "/usr/lib/python3/dist-packages/colcon_core/package_identification/__init__.py", line 144, in _identify
    retval = extension.identify(_reused_descriptor_instance)
  File "/usr/lib/python3/dist-packages/colcon_python_setup_py/package_identification/python_setup_py.py", line 48, in identify
    config = get_setup_information(setup_py)
  File "/usr/lib/python3/dist-packages/colcon_python_setup_py/package_identification/python_setup_py.py", line 249, in get_setup_information
    _setup_information_cache[hashable_env] = _get_setup_information(
  File "/usr/lib/python3/dist-packages/colcon_python_setup_py/package_identification/python_setup_py.py", line 296, in _get_setup_information
    result = subprocess.run(
  File "/usr/lib/python3.8/subprocess.py", line 516, in run
    raise CalledProcessError(retcode, process.args,
subprocess.CalledProcessError: Command '['/usr/bin/python3', '-c', 'import sys;from contextlib import suppress;exec("with suppress(ImportError):    from setuptools.extern.packaging.specifiers    import SpecifierSet");exec("with suppress(ImportError):    from packaging.specifiers import SpecifierSet");from distutils.core import run_setup;dist = run_setup(    \'setup.py\', script_args=(\'--dry-run\',), stop_after=\'config\');skip_keys = (\'cmdclass\', \'distclass\', \'ext_modules\', \'metadata\');data = {    key: value for key, value in dist.__dict__.items()     if (        not key.startswith(\'_\') and         not callable(value) and         key not in skip_keys and         key not in dist.display_option_names    )};data[\'metadata\'] = {    k: v for k, v in dist.metadata.__dict__.items()     if k not in (\'license_files\', \'provides_extras\')};sys.stdout.buffer.write(repr(data).encode(\'utf-8\'))']' returned non-zero exit status 1.

[0.495s] Level 1:colcon.colcon_core.package_identification:_identify(src/kitti_converter) by extensions ['ignore', 'ignore_ament_install']
[0.496s] Level 1:colcon.colcon_core.package_identification:_identify(src/kitti_converter) by extension 'ignore'
[0.496s] Level 1:colcon.colcon_core.package_identification:_identify(src/kitti_converter) by extension 'ignore_ament_install'
[0.496s] Level 1:colcon.colcon_core.package_identification:_identify(src/kitti_converter) by extensions ['colcon_pkg']
[0.496s] Level 1:colcon.colcon_core.package_identification:_identify(src/kitti_converter) by extension 'colcon_pkg'
[0.496s] Level 1:colcon.colcon_core.package_identification:_identify(src/kitti_converter) by extensions ['colcon_meta']
[0.496s] Level 1:colcon.colcon_core.package_identification:_identify(src/kitti_converter) by extension 'colcon_meta'
[0.496s] Level 1:colcon.colcon_core.package_identification:_identify(src/kitti_converter) by extensions ['ros']
[0.496s] Level 1:colcon.colcon_core.package_identification:_identify(src/kitti_converter) by extension 'ros'
[0.496s] Level 1:colcon.colcon_core.package_identification:_identify(src/kitti_converter) by extensions ['cmake', 'python']
[0.496s] Level 1:colcon.colcon_core.package_identification:_identify(src/kitti_converter) by extension 'cmake'
[0.496s] Level 1:colcon.colcon_core.package_identification:_identify(src/kitti_converter) by extension 'python'
[0.496s] Level 1:colcon.colcon_core.package_identification:_identify(src/kitti_converter) by extensions ['python_setup_py']
[0.496s] Level 1:colcon.colcon_core.package_identification:_identify(src/kitti_converter) by extension 'python_setup_py'
[0.496s] Level 1:colcon.colcon_core.package_identification:_identify(src/kitti_converter/data) by extensions ['ignore', 'ignore_ament_install']
[0.496s] Level 1:colcon.colcon_core.package_identification:_identify(src/kitti_converter/data) by extension 'ignore'
[0.496s] Level 1:colcon.colcon_core.package_identification:_identify(src/kitti_converter/data) by extension 'ignore_ament_install'
[0.496s] Level 1:colcon.colcon_core.package_identification:_identify(src/kitti_converter/data) by extensions ['colcon_pkg']
[0.496s] Level 1:colcon.colcon_core.package_identification:_identify(src/kitti_converter/data) by extension 'colcon_pkg'
[0.496s] Level 1:colcon.colcon_core.package_identification:_identify(src/kitti_converter/data) by extensions ['colcon_meta']
[0.496s] Level 1:colcon.colcon_core.package_identification:_identify(src/kitti_converter/data) by extension 'colcon_meta'
[0.496s] Level 1:colcon.colcon_core.package_identification:_identify(src/kitti_converter/data) by extensions ['ros']
[0.496s] Level 1:colcon.colcon_core.package_identification:_identify(src/kitti_converter/data) by extension 'ros'
[0.497s] Level 1:colcon.colcon_core.package_identification:_identify(src/kitti_converter/data) by extensions ['cmake', 'python']
[0.497s] Level 1:colcon.colcon_core.package_identification:_identify(src/kitti_converter/data) by extension 'cmake'
[0.497s] Level 1:colcon.colcon_core.package_identification:_identify(src/kitti_converter/data) by extension 'python'
[0.497s] Level 1:colcon.colcon_core.package_identification:_identify(src/kitti_converter/data) by extensions ['python_setup_py']
[0.497s] Level 1:colcon.colcon_core.package_identification:_identify(src/kitti_converter/data) by extension 'python_setup_py'
[0.497s] Level 1:colcon.colcon_core.package_identification:_identify(src/kitti_converter/scripts) by extensions ['ignore', 'ignore_ament_install']
[0.497s] Level 1:colcon.colcon_core.package_identification:_identify(src/kitti_converter/scripts) by extension 'ignore'
[0.497s] Level 1:colcon.colcon_core.package_identification:_identify(src/kitti_converter/scripts) by extension 'ignore_ament_install'
[0.497s] Level 1:colcon.colcon_core.package_identification:_identify(src/kitti_converter/scripts) by extensions ['colcon_pkg']
[0.497s] Level 1:colcon.colcon_core.package_identification:_identify(src/kitti_converter/scripts) by extension 'colcon_pkg'
[0.497s] Level 1:colcon.colcon_core.package_identification:_identify(src/kitti_converter/scripts) by extensions ['colcon_meta']
[0.497s] Level 1:colcon.colcon_core.package_identification:_identify(src/kitti_converter/scripts) by extension 'colcon_meta'
[0.497s] Level 1:colcon.colcon_core.package_identification:_identify(src/kitti_converter/scripts) by extensions ['ros']
[0.497s] Level 1:colcon.colcon_core.package_identification:_identify(src/kitti_converter/scripts) by extension 'ros'
[0.497s] Level 1:colcon.colcon_core.package_identification:_identify(src/kitti_converter/scripts) by extensions ['cmake', 'python']
[0.497s] Level 1:colcon.colcon_core.package_identification:_identify(src/kitti_converter/scripts) by extension 'cmake'
[0.497s] Level 1:colcon.colcon_core.package_identification:_identify(src/kitti_converter/scripts) by extension 'python'
[0.497s] Level 1:colcon.colcon_core.package_identification:_identify(src/kitti_converter/scripts) by extensions ['python_setup_py']
[0.497s] Level 1:colcon.colcon_core.package_identification:_identify(src/kitti_converter/scripts) by extension 'python_setup_py'
[0.497s] Level 1:colcon.colcon_core.package_discovery:discover_packages(recursive) using defaults
[0.497s] Level 1:colcon.colcon_core.package_discovery:discover_packages(ignore) discover
[0.497s] Level 1:colcon.colcon_core.package_discovery:discover_packages(ignore) using defaults
[0.497s] Level 1:colcon.colcon_core.package_discovery:discover_packages(path) discover
[0.497s] Level 1:colcon.colcon_core.package_discovery:discover_packages(path) using defaults
[0.513s] Level 1:colcon.colcon_core.package_discovery:discover_packages(prefix_path) check parameters
[0.513s] Level 1:colcon.colcon_core.package_discovery:discover_packages(prefix_path) discover
[0.515s] DEBUG:colcon.colcon_installed_package_information.package_discovery:Found 377 installed packages in /opt/ros/foxy
[0.525s] Level 1:colcon.colcon_core.package_discovery:discover_packages(prefix_path) using defaults
[0.578s] Level 5:colcon.colcon_core.verb:set package 'kitti_converter' build argument 'cmake_args' from command line to 'None'
[0.578s] Level 5:colcon.colcon_core.verb:set package 'kitti_converter' build argument 'cmake_target' from command line to 'None'
[0.578s] Level 5:colcon.colcon_core.verb:set package 'kitti_converter' build argument 'cmake_target_skip_unavailable' from command line to 'False'
[0.578s] Level 5:colcon.colcon_core.verb:set package 'kitti_converter' build argument 'cmake_clean_cache' from command line to 'False'
[0.578s] Level 5:colcon.colcon_core.verb:set package 'kitti_converter' build argument 'cmake_clean_first' from command line to 'False'
[0.578s] Level 5:colcon.colcon_core.verb:set package 'kitti_converter' build argument 'cmake_force_configure' from command line to 'False'
[0.578s] Level 5:colcon.colcon_core.verb:set package 'kitti_converter' build argument 'ament_cmake_args' from command line to 'None'
[0.578s] Level 5:colcon.colcon_core.verb:set package 'kitti_converter' build argument 'catkin_cmake_args' from command line to 'None'
[0.578s] Level 5:colcon.colcon_core.verb:set package 'kitti_converter' build argument 'catkin_skip_building_tests' from command line to 'False'
[0.578s] DEBUG:colcon.colcon_core.verb:Building package 'kitti_converter' with the following arguments: {'ament_cmake_args': None, 'build_base': '/home/lab114/Documents/kitti_ws/build/kitti_converter', 'catkin_cmake_args': None, 'catkin_skip_building_tests': False, 'cmake_args': None, 'cmake_clean_cache': False, 'cmake_clean_first': False, 'cmake_force_configure': False, 'cmake_target': None, 'cmake_target_skip_unavailable': False, 'install_base': '/home/lab114/Documents/kitti_ws/install/kitti_converter', 'merge_install': False, 'path': '/home/lab114/Documents/kitti_ws/kitti_converter', 'symlink_install': False, 'test_result_base': None}
[0.578s] INFO:colcon.colcon_core.executor:Executing jobs using 'parallel' executor
[0.579s] DEBUG:colcon.colcon_parallel_executor.executor.parallel:run_until_complete
[0.579s] INFO:colcon.colcon_ros.task.ament_python.build:Building ROS package in '/home/lab114/Documents/kitti_ws/kitti_converter' with build type 'ament_python'
[0.580s] Level 1:colcon.colcon_core.shell:create_environment_hook('kitti_converter', 'ament_prefix_path')
[0.581s] INFO:colcon.colcon_core.plugin_system:Skipping extension 'colcon_core.shell.bat': Not used on non-Windows systems
[0.581s] INFO:colcon.colcon_core.shell:Creating environment hook '/home/lab114/Documents/kitti_ws/install/kitti_converter/share/kitti_converter/hook/ament_prefix_path.ps1'
[0.582s] INFO:colcon.colcon_core.shell:Creating environment descriptor '/home/lab114/Documents/kitti_ws/install/kitti_converter/share/kitti_converter/hook/ament_prefix_path.dsv'
[0.582s] INFO:colcon.colcon_core.shell:Creating environment hook '/home/lab114/Documents/kitti_ws/install/kitti_converter/share/kitti_converter/hook/ament_prefix_path.sh'
[0.582s] INFO:colcon.colcon_core.shell:Skip shell extension 'powershell' for command environment: Not usable outside of PowerShell
[0.582s] DEBUG:colcon.colcon_core.shell:Skip shell extension 'dsv' for command environment
[0.746s] INFO:colcon.colcon_core.task.python.build:Building Python package in '/home/lab114/Documents/kitti_ws/kitti_converter'
[0.747s] INFO:colcon.colcon_core.shell:Skip shell extension 'powershell' for command environment: Not usable outside of PowerShell
[0.747s] DEBUG:colcon.colcon_core.shell:Skip shell extension 'dsv' for command environment
[1.086s] DEBUG:colcon.colcon_core.event_handler.log_command:Invoking command in '/home/lab114/Documents/kitti_ws/kitti_converter': PYTHONPATH=/home/lab114/Documents/kitti_ws/build/kitti_converter/prefix_override:/usr/lib/python3/dist-packages/colcon_core/task/python/colcon_distutils_commands:/home/lab114/Documents/kitti_ws/install/kitti_converter/lib/python3.8/site-packages:${PYTHONPATH} /usr/bin/python3 -W ignore:setup.py install is deprecated -W ignore:easy_install command is deprecated setup.py egg_info --egg-base ../build/kitti_converter build --build-base /home/lab114/Documents/kitti_ws/build/kitti_converter/build install --record /home/lab114/Documents/kitti_ws/build/kitti_converter/install.log --install-scripts $base/lib/kitti_converter --single-version-externally-managed install_data
[1.294s] DEBUG:colcon.colcon_core.event_handler.log_command:Invoked command in '/home/lab114/Documents/kitti_ws/kitti_converter' returned '0': PYTHONPATH=/home/lab114/Documents/kitti_ws/build/kitti_converter/prefix_override:/usr/lib/python3/dist-packages/colcon_core/task/python/colcon_distutils_commands:/home/lab114/Documents/kitti_ws/install/kitti_converter/lib/python3.8/site-packages:${PYTHONPATH} /usr/bin/python3 -W ignore:setup.py install is deprecated -W ignore:easy_install command is deprecated setup.py egg_info --egg-base ../build/kitti_converter build --build-base /home/lab114/Documents/kitti_ws/build/kitti_converter/build install --record /home/lab114/Documents/kitti_ws/build/kitti_converter/install.log --install-scripts $base/lib/kitti_converter --single-version-externally-managed install_data
[1.295s] Level 1:colcon.colcon_core.environment:checking '/home/lab114/Documents/kitti_ws/install/kitti_converter' for CMake module files
[1.295s] Level 1:colcon.colcon_core.environment:checking '/home/lab114/Documents/kitti_ws/install/kitti_converter' for CMake config files
[1.296s] Level 1:colcon.colcon_core.environment:checking '/home/lab114/Documents/kitti_ws/install/kitti_converter/lib'
[1.296s] Level 1:colcon.colcon_core.environment:checking '/home/lab114/Documents/kitti_ws/install/kitti_converter/bin'
[1.296s] Level 1:colcon.colcon_core.environment:checking '/home/lab114/Documents/kitti_ws/install/kitti_converter/lib/pkgconfig/kitti_converter.pc'
[1.296s] Level 1:colcon.colcon_core.environment:checking '/home/lab114/Documents/kitti_ws/install/kitti_converter/lib/python3.8/site-packages'
[1.296s] Level 1:colcon.colcon_core.shell:create_environment_hook('kitti_converter', 'pythonpath')
[1.296s] INFO:colcon.colcon_core.shell:Creating environment hook '/home/lab114/Documents/kitti_ws/install/kitti_converter/share/kitti_converter/hook/pythonpath.ps1'
[1.297s] INFO:colcon.colcon_core.shell:Creating environment descriptor '/home/lab114/Documents/kitti_ws/install/kitti_converter/share/kitti_converter/hook/pythonpath.dsv'
[1.297s] INFO:colcon.colcon_core.shell:Creating environment hook '/home/lab114/Documents/kitti_ws/install/kitti_converter/share/kitti_converter/hook/pythonpath.sh'
[1.298s] Level 1:colcon.colcon_core.environment:checking '/home/lab114/Documents/kitti_ws/install/kitti_converter/bin'
[1.298s] Level 1:colcon.colcon_core.environment:create_environment_scripts_only(kitti_converter)
[1.298s] INFO:colcon.colcon_core.shell:Creating package script '/home/lab114/Documents/kitti_ws/install/kitti_converter/share/kitti_converter/package.ps1'
[1.298s] INFO:colcon.colcon_core.shell:Creating package descriptor '/home/lab114/Documents/kitti_ws/install/kitti_converter/share/kitti_converter/package.dsv'
[1.299s] INFO:colcon.colcon_core.shell:Creating package script '/home/lab114/Documents/kitti_ws/install/kitti_converter/share/kitti_converter/package.sh'
[1.299s] INFO:colcon.colcon_core.shell:Creating package script '/home/lab114/Documents/kitti_ws/install/kitti_converter/share/kitti_converter/package.bash'
[1.300s] INFO:colcon.colcon_core.shell:Creating package script '/home/lab114/Documents/kitti_ws/install/kitti_converter/share/kitti_converter/package.zsh'
[1.300s] Level 1:colcon.colcon_core.environment:create_file_with_runtime_dependencies(/home/lab114/Documents/kitti_ws/install/kitti_converter/share/colcon-core/packages/kitti_converter)
[1.301s] DEBUG:colcon.colcon_parallel_executor.executor.parallel:closing loop
[1.301s] DEBUG:colcon.colcon_parallel_executor.executor.parallel:loop closed
[1.301s] DEBUG:colcon.colcon_parallel_executor.executor.parallel:run_until_complete finished with '0'
[1.301s] DEBUG:colcon.colcon_core.event_reactor:joining thread
[1.305s] INFO:colcon.colcon_core.plugin_system:Skipping extension 'colcon_notification.desktop_notification.terminal_notifier': Not used on non-Darwin systems
[1.305s] INFO:colcon.colcon_core.plugin_system:Skipping extension 'colcon_notification.desktop_notification.win32': Not used on non-Windows systems
[1.305s] INFO:colcon.colcon_notification.desktop_notification:Sending desktop notification using 'notify2'
[1.315s] DEBUG:colcon.colcon_core.event_reactor:joined thread
[1.315s] INFO:colcon.colcon_core.shell:Creating prefix script '/home/lab114/Documents/kitti_ws/install/local_setup.ps1'
[1.316s] INFO:colcon.colcon_core.shell:Creating prefix util module '/home/lab114/Documents/kitti_ws/install/_local_setup_util_ps1.py'
[1.317s] INFO:colcon.colcon_core.shell:Creating prefix chain script '/home/lab114/Documents/kitti_ws/install/setup.ps1'
[1.318s] INFO:colcon.colcon_core.shell:Creating prefix script '/home/lab114/Documents/kitti_ws/install/local_setup.sh'
[1.318s] INFO:colcon.colcon_core.shell:Creating prefix util module '/home/lab114/Documents/kitti_ws/install/_local_setup_util_sh.py'
[1.319s] INFO:colcon.colcon_core.shell:Creating prefix chain script '/home/lab114/Documents/kitti_ws/install/setup.sh'
[1.319s] INFO:colcon.colcon_core.shell:Creating prefix script '/home/lab114/Documents/kitti_ws/install/local_setup.bash'
[1.320s] INFO:colcon.colcon_core.shell:Creating prefix chain script '/home/lab114/Documents/kitti_ws/install/setup.bash'
[1.320s] INFO:colcon.colcon_core.shell:Creating prefix script '/home/lab114/Documents/kitti_ws/install/local_setup.zsh'
[1.321s] INFO:colcon.colcon_core.shell:Creating prefix chain script '/home/lab114/Documents/kitti_ws/install/setup.zsh'
