[0.506s] Invoking command in '/home/lab114/Documents/kitti_ws/kitti_converter': PYTHONPATH=/home/lab114/Documents/kitti_ws/build/kitti_converter/prefix_override:/usr/lib/python3/dist-packages/colcon_core/task/python/colcon_distutils_commands:/home/lab114/Documents/kitti_ws/install/kitti_converter/lib/python3.8/site-packages:${PYTHONPATH} /usr/bin/python3 -W ignore:setup.py install is deprecated -W ignore:easy_install command is deprecated setup.py egg_info --egg-base ../build/kitti_converter build --build-base /home/lab114/Documents/kitti_ws/build/kitti_converter/build install --record /home/lab114/Documents/kitti_ws/build/kitti_converter/install.log --install-scripts $base/lib/kitti_converter --single-version-externally-managed install_data
[0.660s] running egg_info
[0.661s] writing ../build/kitti_converter/kitti_converter.egg-info/PKG-INFO
[0.661s] writing dependency_links to ../build/kitti_converter/kitti_converter.egg-info/dependency_links.txt
[0.661s] writing entry points to ../build/kitti_converter/kitti_converter.egg-info/entry_points.txt
[0.661s] writing requirements to ../build/kitti_converter/kitti_converter.egg-info/requires.txt
[0.661s] writing top-level names to ../build/kitti_converter/kitti_converter.egg-info/top_level.txt
[0.684s] reading manifest file '../build/kitti_converter/kitti_converter.egg-info/SOURCES.txt'
[0.685s] writing manifest file '../build/kitti_converter/kitti_converter.egg-info/SOURCES.txt'
[0.685s] running build
[0.685s] running build_py
[0.685s] running install
[0.685s] running install_lib
[0.686s] running install_data
[0.686s] running install_egg_info
[0.687s] removing '/home/lab114/Documents/kitti_ws/install/kitti_converter/lib/python3.8/site-packages/kitti_converter-0.0.0-py3.8.egg-info' (and everything under it)
[0.688s] Copying ../build/kitti_converter/kitti_converter.egg-info to /home/lab114/Documents/kitti_ws/install/kitti_converter/lib/python3.8/site-packages/kitti_converter-0.0.0-py3.8.egg-info
[0.688s] running install_scripts
[0.700s] writing list of installed files to '/home/lab114/Documents/kitti_ws/build/kitti_converter/install.log'
[0.714s] Invoked command in '/home/lab114/Documents/kitti_ws/kitti_converter' returned '0': PYTHONPATH=/home/lab114/Documents/kitti_ws/build/kitti_converter/prefix_override:/usr/lib/python3/dist-packages/colcon_core/task/python/colcon_distutils_commands:/home/lab114/Documents/kitti_ws/install/kitti_converter/lib/python3.8/site-packages:${PYTHONPATH} /usr/bin/python3 -W ignore:setup.py install is deprecated -W ignore:easy_install command is deprecated setup.py egg_info --egg-base ../build/kitti_converter build --build-base /home/lab114/Documents/kitti_ws/build/kitti_converter/build install --record /home/lab114/Documents/kitti_ws/build/kitti_converter/install.log --install-scripts $base/lib/kitti_converter --single-version-externally-managed install_data
